<?xml version="1.0" encoding="UTF-8"?>
<!-- Generated by org.testng.reporters.JUnitReportReporter -->
<testsuite hostname="TanmayPanda" failures="0" tests="1" name="Demo.DemoTest" time="0.808" errors="0" timestamp="2024-11-05T09:30:34 IST" skipped="0">
  <testcase classname="Demo.DemoTest" name="DemoTesting1" time="0.808"/>
  <system-out/>
</testsuite> <!-- Demo.DemoTest -->
