<?xml version="1.0" encoding="UTF-8"?>
<!-- Generated by org.testng.reporters.JUnitReportReporter -->
<testsuite hostname="TanmayPanda" failures="0" tests="3" name="com.Framework.ProductTest.MensProductTest" time="0.030" errors="0" timestamp="2024-10-28T15:41:35 IST" skipped="0">
  <testcase classname="com.Framework.ProductTest.MensProductTest" name="removeProduct" time="0.002"/>
  <system-out/>
  <testcase classname="com.Framework.ProductTest.MensProductTest" name="updateProduct" time="0.003"/>
  <system-out/>
  <testcase classname="com.Framework.ProductTest.MensProductTest" name="addProduct" time="0.025"/>
  <system-out/>
</testsuite> <!-- com.Framework.ProductTest.MensProductTest -->
